<?xml version="1.0" encoding="UTF-8"?>
<testsuite xmlns:xsi="http://www.w3.org/2001/XMLSchema-instance" xsi:noNamespaceSchemaLocation="https://maven.apache.org/surefire/maven-surefire-plugin/xsd/surefire-test-report-3.0.xsd" version="3.0" name="umgc.InsertionSortTest" time="0.267" tests="3" errors="0" skipped="0" failures="0">
  <properties>
[...]
</properties>
  <testcase name="testInsertionSort_alreadySorted" classname="umgc.InsertionSortTest" time="0.001"/>
  <testcase name="testInsertionSort_simple" classname="umgc.InsertionSortTest" time="0.099"/>
  <testcase name="testInsertionSort_reverseSorted" classname="umgc.InsertionSortTest" time="0.166"/>
</testsuite>